ERROR:KeyError:2021-04-21 15:49:11.473025
'no assigment in clock'
Traceback (most recent call last):
  File "E:\Utilities\pythonProjects\tcl\module.py", line 157, in write_to_tcl
    for assignment in d[param]['assignment']:
KeyError: 'assignment'
ERROR:KeyError:2021-04-21 15:49:11.473025
'no assigment in reset_sink'
Traceback (most recent call last):
  File "E:\Utilities\pythonProjects\tcl\module.py", line 157, in write_to_tcl
    for assignment in d[param]['assignment']:
KeyError: 'assignment'
ERROR:KeyError:2021-04-21 15:50:37.582738
'no assigment in clock'
Traceback (most recent call last):
  File "E:\Utilities\pythonProjects\tcl\module.py", line 157, in write_to_tcl
    for assignment in d[param]['assignment']:
KeyError: 'assignment'
ERROR:KeyError:2021-04-21 15:50:37.582738
'no assigment in reset_sink'
Traceback (most recent call last):
  File "E:\Utilities\pythonProjects\tcl\module.py", line 157, in write_to_tcl
    for assignment in d[param]['assignment']:
KeyError: 'assignment'
ERROR:KeyError:2021-04-21 15:50:50.530584
'no assigment in clock'
Traceback (most recent call last):
  File "E:\Utilities\pythonProjects\tcl\module.py", line 157, in write_to_tcl
    for assignment in d[param]['assignment']:
KeyError: 'assignment'
ERROR:KeyError:2021-04-21 15:50:50.531584
'no assigment in reset_sink'
Traceback (most recent call last):
  File "E:\Utilities\pythonProjects\tcl\module.py", line 157, in write_to_tcl
    for assignment in d[param]['assignment']:
KeyError: 'assignment'
ERROR:KeyError:2021-04-21 15:51:44.344053
'no assigment in clock'
Traceback (most recent call last):
  File "E:\Utilities\pythonProjects\tcl\module.py", line 157, in write_to_tcl
    for assignment in d[param]['assignment']:
KeyError: 'assignment'
ERROR:KeyError:2021-04-21 15:51:44.345053
'no assigment in reset_sink'
Traceback (most recent call last):
  File "E:\Utilities\pythonProjects\tcl\module.py", line 157, in write_to_tcl
    for assignment in d[param]['assignment']:
KeyError: 'assignment'
ERROR:KeyError:2021-04-21 15:52:47.528028
'no assigment in clock'
Traceback (most recent call last):
  File "E:\Utilities\pythonProjects\tcl\module.py", line 157, in write_to_tcl
    for assignment in d[param]['assignment']:
KeyError: 'assignment'
ERROR:KeyError:2021-04-21 15:52:47.529028
'no assigment in reset_sink'
Traceback (most recent call last):
  File "E:\Utilities\pythonProjects\tcl\module.py", line 157, in write_to_tcl
    for assignment in d[param]['assignment']:
KeyError: 'assignment'
ERROR:KeyError:2021-04-21 15:53:11.003323
'no assigment in clock'
Traceback (most recent call last):
  File "E:\Utilities\pythonProjects\tcl\module.py", line 157, in write_to_tcl
    for assignment in d[param]['assignment']:
KeyError: 'assignment'
ERROR:KeyError:2021-04-21 15:53:11.004323
'no assigment in reset_sink'
Traceback (most recent call last):
  File "E:\Utilities\pythonProjects\tcl\module.py", line 157, in write_to_tcl
    for assignment in d[param]['assignment']:
KeyError: 'assignment'
ERROR:KeyError:2021-04-21 15:53:21.911590
'no assigment in clock'
Traceback (most recent call last):
  File "E:\Utilities\pythonProjects\tcl\module.py", line 157, in write_to_tcl
    for assignment in d[param]['assignment']:
KeyError: 'assignment'
ERROR:KeyError:2021-04-21 15:53:21.911590
'no assigment in reset_sink'
Traceback (most recent call last):
  File "E:\Utilities\pythonProjects\tcl\module.py", line 157, in write_to_tcl
    for assignment in d[param]['assignment']:
KeyError: 'assignment'
ERROR:KeyError:2021-04-21 15:53:46.989012
'no assigment in clock'
Traceback (most recent call last):
  File "E:\Utilities\pythonProjects\tcl\module.py", line 157, in write_to_tcl
    for assignment in d[param]['assignment']:
KeyError: 'assignment'
ERROR:KeyError:2021-04-21 15:53:46.990013
'no assigment in reset_sink'
Traceback (most recent call last):
  File "E:\Utilities\pythonProjects\tcl\module.py", line 157, in write_to_tcl
    for assignment in d[param]['assignment']:
KeyError: 'assignment'
